[0928/135324.118:ERROR:registration_protocol_win.cc(84)] TransactNamedPipe: O pipe foi finalizado. (0x6D)
[1023/090953.339:ERROR:directory_reader_win.cc(43)] FindFirstFile: O sistema não pode encontrar o caminho especificado. (0x3)
[1026/091608.127:ERROR:directory_reader_win.cc(43)] FindFirstFile: O sistema não pode encontrar o caminho especificado. (0x3)
[1106/091819.893:ERROR:directory_reader_win.cc(43)] FindFirstFile: O sistema não pode encontrar o caminho especificado. (0x3)
[1106/114126.067:ERROR:process_reader_win.cc(151)] SuspendThread: Acesso negado. (0x5)
[1106/114126.068:ERROR:process_reader_win.cc(123)] NtOpenThread: {Acesso Negado} Um processo solicitou acesso a um objeto, mas o direito de acesso não lhe foi concedido. (0xc0000022)
[1106/114126.075:ERROR:exception_snapshot_win.cc(99)] thread ID 1088 not found in process
[1106/114126.197:ERROR:process_reader_win.cc(151)] SuspendThread: Acesso negado. (0x5)
[1106/114126.197:ERROR:process_reader_win.cc(151)] SuspendThread: Acesso negado. (0x5)
[1106/114126.197:ERROR:process_reader_win.cc(151)] SuspendThread: Acesso negado. (0x5)
[1106/114126.197:ERROR:process_reader_win.cc(151)] SuspendThread: Acesso negado. (0x5)
[1106/114126.197:ERROR:process_reader_win.cc(151)] SuspendThread: Acesso negado. (0x5)
[1106/114126.197:ERROR:process_reader_win.cc(151)] SuspendThread: Acesso negado. (0x5)
[1106/114126.198:ERROR:process_reader_win.cc(151)] SuspendThread: Acesso negado. (0x5)
[1106/114126.198:ERROR:process_reader_win.cc(151)] SuspendThread: Acesso negado. (0x5)
[1106/114126.198:ERROR:process_reader_win.cc(123)] NtOpenThread: {Acesso Negado} Um processo solicitou acesso a um objeto, mas o direito de acesso não lhe foi concedido. (0xc0000022)
[1106/114126.198:ERROR:exception_snapshot_win.cc(99)] thread ID 20276 not found in process
[1106/114126.227:ERROR:process_reader_win.cc(151)] SuspendThread: Acesso negado. (0x5)
[1106/114126.227:ERROR:process_reader_win.cc(151)] SuspendThread: Acesso negado. (0x5)
[1106/114126.228:ERROR:process_reader_win.cc(151)] SuspendThread: Acesso negado. (0x5)
[1106/114126.228:ERROR:process_reader_win.cc(151)] SuspendThread: Acesso negado. (0x5)
[1106/114126.228:ERROR:process_reader_win.cc(151)] SuspendThread: Acesso negado. (0x5)
[1106/114126.228:ERROR:process_reader_win.cc(151)] SuspendThread: Acesso negado. (0x5)
[1106/114126.228:ERROR:process_reader_win.cc(151)] SuspendThread: Acesso negado. (0x5)
[1106/114126.228:ERROR:process_reader_win.cc(151)] SuspendThread: Acesso negado. (0x5)
[1106/114126.228:ERROR:process_reader_win.cc(151)] SuspendThread: Acesso negado. (0x5)
[1106/114126.229:ERROR:process_reader_win.cc(151)] SuspendThread: Acesso negado. (0x5)
[1106/114126.229:ERROR:process_reader_win.cc(151)] SuspendThread: Acesso negado. (0x5)
[1106/114126.229:ERROR:process_reader_win.cc(151)] SuspendThread: Acesso negado. (0x5)
[1106/114126.229:ERROR:process_reader_win.cc(123)] NtOpenThread: {Acesso Negado} Um processo solicitou acesso a um objeto, mas o direito de acesso não lhe foi concedido. (0xc0000022)
[1106/114126.229:ERROR:exception_snapshot_win.cc(99)] thread ID 18936 not found in process
[1106/114126.282:ERROR:process_reader_win.cc(151)] SuspendThread: Acesso negado. (0x5)
[1106/114126.282:ERROR:process_reader_win.cc(151)] SuspendThread: Acesso negado. (0x5)
[1106/114126.282:ERROR:process_reader_win.cc(151)] SuspendThread: Acesso negado. (0x5)
[1106/114126.283:ERROR:process_reader_win.cc(151)] SuspendThread: Acesso negado. (0x5)
[1106/114126.283:ERROR:process_reader_win.cc(151)] SuspendThread: Acesso negado. (0x5)
[1106/114126.283:ERROR:process_reader_win.cc(151)] SuspendThread: Acesso negado. (0x5)
[1106/114126.283:ERROR:process_reader_win.cc(151)] SuspendThread: Acesso negado. (0x5)
[1106/114126.283:ERROR:process_reader_win.cc(151)] SuspendThread: Acesso negado. (0x5)
[1106/114126.283:ERROR:process_reader_win.cc(123)] NtOpenThread: {Acesso Negado} Um processo solicitou acesso a um objeto, mas o direito de acesso não lhe foi concedido. (0xc0000022)
[1106/114126.283:ERROR:exception_snapshot_win.cc(99)] thread ID 21620 not found in process
[1110/091249.763:ERROR:directory_reader_win.cc(43)] FindFirstFile: O sistema não pode encontrar o caminho especificado. (0x3)
[1111/091116.772:ERROR:directory_reader_win.cc(43)] FindFirstFile: O sistema não pode encontrar o caminho especificado. (0x3)
[1123/185523.324:ERROR:directory_reader_win.cc(43)] FindFirstFile: O sistema não pode encontrar o caminho especificado. (0x3)
[1124/184809.876:ERROR:directory_reader_win.cc(43)] FindFirstFile: O sistema não pode encontrar o caminho especificado. (0x3)
[1127/072416.632:ERROR:directory_reader_win.cc(43)] FindFirstFile: O sistema não pode encontrar o caminho especificado. (0x3)
[1201/091614.877:ERROR:directory_reader_win.cc(43)] FindFirstFile: O sistema não pode encontrar o caminho especificado. (0x3)
[1202/085241.150:ERROR:directory_reader_win.cc(43)] FindFirstFile: O sistema não pode encontrar o caminho especificado. (0x3)
[1208/083043.933:ERROR:directory_reader_win.cc(43)] FindFirstFile: O sistema não pode encontrar o caminho especificado. (0x3)
[1214/091922.222:ERROR:directory_reader_win.cc(43)] FindFirstFile: O sistema não pode encontrar o caminho especificado. (0x3)
[0107/103301.678:ERROR:directory_reader_win.cc(43)] FindFirstFile: O sistema não pode encontrar o caminho especificado. (0x3)
[0115/090326.345:ERROR:directory_reader_win.cc(43)] FindFirstFile: O sistema não pode encontrar o caminho especificado. (0x3)
[0120/092645.471:ERROR:directory_reader_win.cc(43)] FindFirstFile: O sistema não pode encontrar o caminho especificado. (0x3)
[0125/105628.148:ERROR:directory_reader_win.cc(43)] FindFirstFile: O sistema não pode encontrar o caminho especificado. (0x3)
[0126/093115.621:ERROR:directory_reader_win.cc(43)] FindFirstFile: O sistema não pode encontrar o caminho especificado. (0x3)
